[22:10:31] [ServerMain/INFO]: [bootstrap] Running Java 21 (OpenJDK 64-Bit Server VM 21.0.10+7-Ubuntu-124.04; Ubuntu null) on Linux 6.8.0-1030-azure (amd64)
[22:10:31] [ServerMain/INFO]: [bootstrap] Loading Paper 1.21.11-99-main@81b9122 (2026-01-20T19:08:30Z) for Minecraft 1.21.11
[22:10:31] [ServerMain/INFO]: [PluginInitializerManager] Initializing plugins...
[22:10:32] [ServerMain/INFO]: [PluginInitializerManager] Initialized 4 plugins
[22:10:32] [ServerMain/INFO]: [PluginInitializerManager] Bukkit plugins (4):
 - Geyser-Spigot (2.9.2-SNAPSHOT), ViaBackwards (5.7.1), ViaVersion (5.7.0), floodgate (2.2.5-SNAPSHOT (b126-096c605))
[22:10:38] [ServerMain/INFO]: Environment: Environment[sessionHost=https://sessionserver.mojang.com, servicesHost=https://api.minecraftservices.com, profilesHost=https://api.mojang.com, name=PROD]
[22:10:40] [ServerMain/INFO]: Loaded 1470 recipes
[22:10:40] [ServerMain/INFO]: Loaded 1584 advancements
[22:10:40] [ServerMain/INFO]: [ca.spottedleaf.dataconverter.minecraft.datatypes.MCTypeRegistry] Initialising converters for DataConverter...
[22:10:40] [ServerMain/INFO]: [ca.spottedleaf.dataconverter.minecraft.datatypes.MCTypeRegistry] Finished initialising converters for DataConverter in 426.4ms
[22:10:40] [Server thread/INFO]: Starting minecraft server version 1.21.11
[22:10:40] [Server thread/INFO]: Loading properties
[22:10:40] [Server thread/INFO]: This server is running Paper version 1.21.11-99-main@81b9122 (2026-01-20T19:08:30Z) (Implementing API version 1.21.11-R0.1-SNAPSHOT)
[22:10:40] [Server thread/INFO]: [spark] This server bundles the spark profiler. For more information please visit https://docs.papermc.io/paper/profiling
[22:10:40] [Server thread/INFO]: Server Ping Player Sample Count: 12
[22:10:40] [Server thread/INFO]: Using 4 threads for Netty based IO
[22:10:41] [Server thread/INFO]: [MoonriseCommon] Paper is using 1 worker threads, 1 I/O threads
[22:10:41] [Server thread/INFO]: Default game type: SURVIVAL
[22:10:41] [Server thread/INFO]: Generating keypair
[22:10:42] [Server thread/INFO]: Starting Minecraft server on *:25565
[22:10:42] [Server thread/INFO]: Paper: Using libdeflate (Linux x86_64) compression from Velocity.
[22:10:42] [Server thread/INFO]: Paper: Using OpenSSL 3.x.x (Linux x86_64) cipher from Velocity.
[22:10:42] [Server thread/INFO]: [ViaVersion] Loading server plugin ViaVersion v5.7.0
[22:10:42] [Server thread/INFO]: [ViaVersion] ViaVersion 5.7.0 is now loaded. Registering protocol transformers and injecting...
[22:10:43] [Via-Mappingloader-1/INFO]: [ViaVersion] Loading block connection mappings ...
[22:10:43] [Via-Mappingloader-1/INFO]: [ViaVersion] Using FastUtil Long2ObjectOpenHashMap for block connections
[22:10:43] [Server thread/ERROR]: [ViaBackwards] ================================
[22:10:43] [Server thread/ERROR]: [ViaBackwards] YOUR VIAVERSION IS OUTDATED (you are running 5.7.0)
[22:10:43] [Server thread/ERROR]: [ViaBackwards] PLEASE USE VIAVERSION 5.7.1 OR NEWER
[22:10:43] [Server thread/ERROR]: [ViaBackwards] LINK: https://ci.viaversion.com/
[22:10:43] [Server thread/ERROR]: [ViaBackwards] VIABACKWARDS WILL NOW DISABLE
[22:10:43] [Server thread/ERROR]: [ViaBackwards] ================================
[22:10:43] [Server thread/INFO]: [floodgate] Loading server plugin floodgate v2.2.5-SNAPSHOT (b126-096c605)
[22:10:44] [Server thread/WARN]: [floodgate] en_ is not a supported Floodgate language.
[22:10:44] [Server thread/INFO]: [floodgate] Took 875ms to boot Floodgate
[22:10:44] [Server thread/INFO]: [ViaBackwards] Loading server plugin ViaBackwards v5.7.1
[22:10:44] [Server thread/INFO]: [Geyser-Spigot] Loading server plugin Geyser-Spigot v2.9.2-SNAPSHOT
[22:10:45] [Server thread/INFO]: [Geyser-Spigot] Loading extensions...
[22:10:45] [Server thread/INFO]: [Geyser-Spigot] Loaded 0 extension(s)
[22:10:45] [Server thread/INFO]: Server permissions file permissions.yml is empty, ignoring it
[22:10:45] [Server thread/WARN]: **** SERVER IS RUNNING IN OFFLINE/INSECURE MODE!
[22:10:45] [Server thread/WARN]: The server will make no attempt to authenticate usernames. Beware.
[22:10:45] [Server thread/WARN]: While this makes the game possible to play without internet access, it also opens up the ability for hackers to connect with any username they choose.
[22:10:45] [Server thread/WARN]: To change this, set "online-mode" to "true" in the server.properties file.
[22:10:45] [Server thread/INFO]: Preparing level "world"
[22:10:45] [Server thread/INFO]: [ca.spottedleaf.moonrise.common.util.MoonriseConstants] NUMA enable flag is not set; however there is NUMA interaction support for this OS.
[22:10:45] [Server thread/INFO]: [ca.spottedleaf.moonrise.common.util.MoonriseConstants] Detected 1 NUMA nodes.
[22:10:45] [Server thread/INFO]: Loading 0 persistent chunks for world 'minecraft:overworld'...
[22:10:45] [Server thread/INFO]: Prepared spawn area in 2 ms
[22:10:45] [Server thread/INFO]: Loading 0 persistent chunks for world 'minecraft:the_nether'...
[22:10:45] [Server thread/INFO]: Prepared spawn area in 0 ms
[22:10:45] [Server thread/INFO]: Loading 0 persistent chunks for world 'minecraft:the_end'...
[22:10:45] [Server thread/INFO]: Prepared spawn area in 0 ms
[22:10:45] [Server thread/INFO]: Done preparing level "world" (0.513s)
[22:10:45] [Server thread/INFO]: [ViaVersion] Enabling ViaVersion v5.7.0
[22:10:45] [Server thread/INFO]: [ViaVersion] ViaVersion detected server version: 1.21.11 (774)
[22:10:45] [Server thread/WARN]: [ViaVersion] ViaVersion does not have any compatible versions for this server version!
[22:10:45] [Server thread/WARN]: [ViaVersion] ViaVersion only supports newer client versions. Use ViaBackwards to allow older versions (ViaRewind for 1.7/1.8) to join.
[22:10:45] [Server thread/WARN]: [ViaVersion] Get setup help at https://viaversion.com/setup or download ViaBackwards/ViaRewind directly at https://ci.viaversion.com/
[22:10:45] [Server thread/WARN]: [ViaVersion] Need more help? Join our Discord at https://viaversion.com/discord
[22:10:45] [Server thread/INFO]: [floodgate] Enabling floodgate v2.2.5-SNAPSHOT (b126-096c605)
[22:10:46] [Server thread/INFO]: [ViaBackwards] Enabling ViaBackwards v5.7.1
[22:10:46] [Server thread/INFO]: [Geyser-Spigot] Enabling Geyser-Spigot v2.9.2-SNAPSHOT
[22:10:47] [Server thread/INFO]: [spark] Starting background profiler...
[22:10:48] [Server thread/INFO]: [Geyser-Spigot] ******************************************
[22:10:48] [Server thread/INFO]: [Geyser-Spigot] 
[22:10:48] [Server thread/INFO]: [Geyser-Spigot] Loading Geyser version 2.9.2-b1055 (git-master-2c0d6ed)
[22:10:48] [Server thread/INFO]: [Geyser-Spigot] 
[22:10:48] [Server thread/INFO]: [Geyser-Spigot] ******************************************
[22:10:52] [GeyserServer-3-1/INFO]: [Geyser-Spigot] Started Geyser on UDP port 7358
[22:10:52] [Server thread/INFO]: [Geyser-Spigot] Done (3.921s)! Run /geyser help for help!
[22:10:52] [Server thread/INFO]: Running delayed init tasks
[22:10:52] [Craft Scheduler Thread - 2 - ViaVersion/INFO]: [ViaVersion] Finished mapping loading, shutting down loader executor.
[22:10:52] [Server thread/INFO]: Done (21.924s)! For help, type "help"
[22:10:52] [Server thread/WARN]: [ViaVersion] There is a newer plugin version available: 5.7.1, you're on: 5.7.0
[22:10:52] [Paper Async Task Handler Thread - 1/INFO]: *** Currently you are 4 build(s) behind ***
[22:10:52] [Paper Async Task Handler Thread - 1/INFO]: *** It is highly recommended to download the latest build from https://papermc.io/downloads/paper ***
[22:16:11] [GeyserServerChild-4-1/INFO]: [Geyser-Spigot] Player connected with username EdwinQuiVe11 (898)
[22:16:11] [localSession-7-2/INFO]: [Geyser-Spigot] EdwinQuiVe11 (logged in as: EdwinQuiVe11) has connected to the Java server
[22:16:19] [Server thread/INFO]: [floodgate] Floodgate player logged in as .EdwinQuiVe11 joined (UUID: 00000000-0000-0000-0009-01f6013373f5)
[22:16:20] [Server thread/INFO]: .EdwinQuiVe11 joined the game
[22:16:20] [Server thread/INFO]: .EdwinQuiVe11[/127.227.106.116:0] logged in with entity id 9 at ([world]2.5, 66.0, 0.5)
[22:18:17] [GeyserServerChild-4-1/INFO]: [Geyser-Spigot] EdwinQuiVe11 has disconnected from the Java server because of Bedrock client disconnected
[22:18:17] [Geyser Spigot connection thread-6-3/INFO]: [floodgate] Floodgate player logged in as .EdwinQuiVe11 disconnected
[22:18:17] [Server thread/INFO]: .EdwinQuiVe11 lost connection: Disconnected
[22:18:17] [Server thread/INFO]: .EdwinQuiVe11 left the game
